Performing C SOURCE FILE Test CMAKE_HAVE_LIBC_PTHREAD failed with the following output:
Change Dir: /home/amov/r300_navigation_ws/build/CMakeFiles/CMakeTmp

Run Build Command(s):/usr/bin/make cmTC_e7aa4/fast && /usr/bin/make -f CMakeFiles/cmTC_e7aa4.dir/build.make CMakeFiles/cmTC_e7aa4.dir/build
make[1]: Entering directory '/home/amov/r300_navigation_ws/build/CMakeFiles/CMakeTmp'
Building C object CMakeFiles/cmTC_e7aa4.dir/src.c.o
/usr/bin/cc   -DCMAKE_HAVE_LIBC_PTHREAD   -o CMakeFiles/cmTC_e7aa4.dir/src.c.o   -c /home/amov/r300_navigation_ws/build/CMakeFiles/CMakeTmp/src.c
Linking C executable cmTC_e7aa4
/usr/local/bin/cmake -E cmake_link_script CMakeFiles/cmTC_e7aa4.dir/link.txt --verbose=1
/usr/bin/cc  -DCMAKE_HAVE_LIBC_PTHREAD    -rdynamic CMakeFiles/cmTC_e7aa4.dir/src.c.o  -o cmTC_e7aa4 
CMakeFiles/cmTC_e7aa4.dir/src.c.o: In function `main':
src.c:(.text+0x3e): undefined reference to `pthread_create'
src.c:(.text+0x4a): undefined reference to `pthread_detach'
src.c:(.text+0x5b): undefined reference to `pthread_join'
collect2: error: ld returned 1 exit status
CMakeFiles/cmTC_e7aa4.dir/build.make:86: recipe for target 'cmTC_e7aa4' failed
make[1]: *** [cmTC_e7aa4] Error 1
make[1]: Leaving directory '/home/amov/r300_navigation_ws/build/CMakeFiles/CMakeTmp'
Makefile:121: recipe for target 'cmTC_e7aa4/fast' failed
make: *** [cmTC_e7aa4/fast] Error 2


Source file was:
#include <pthread.h>

void* test_func(void* data)
{
  return data;
}

int main(void)
{
  pthread_t thread;
  pthread_create(&thread, NULL, test_func, NULL);
  pthread_detach(thread);
  pthread_join(thread, NULL);
  pthread_atfork(NULL, NULL, NULL);
  pthread_exit(NULL);

  return 0;
}

Determining if the function pthread_create exists in the pthreads failed with the following output:
Change Dir: /home/amov/r300_navigation_ws/build/CMakeFiles/CMakeTmp

Run Build Command(s):/usr/bin/make cmTC_8530f/fast && /usr/bin/make -f CMakeFiles/cmTC_8530f.dir/build.make CMakeFiles/cmTC_8530f.dir/build
make[1]: Entering directory '/home/amov/r300_navigation_ws/build/CMakeFiles/CMakeTmp'
Building C object CMakeFiles/cmTC_8530f.dir/CheckFunctionExists.c.o
/usr/bin/cc   -DCHECK_FUNCTION_EXISTS=pthread_create   -o CMakeFiles/cmTC_8530f.dir/CheckFunctionExists.c.o   -c /usr/local/share/cmake-3.16/Modules/CheckFunctionExists.c
Linking C executable cmTC_8530f
/usr/local/bin/cmake -E cmake_link_script CMakeFiles/cmTC_8530f.dir/link.txt --verbose=1
/usr/bin/cc  -DCHECK_FUNCTION_EXISTS=pthread_create    -rdynamic CMakeFiles/cmTC_8530f.dir/CheckFunctionExists.c.o  -o cmTC_8530f  -lpthreads 
/usr/bin/ld: cannot find -lpthreads
collect2: error: ld returned 1 exit status
CMakeFiles/cmTC_8530f.dir/build.make:86: recipe for target 'cmTC_8530f' failed
make[1]: *** [cmTC_8530f] Error 1
make[1]: Leaving directory '/home/amov/r300_navigation_ws/build/CMakeFiles/CMakeTmp'
Makefile:121: recipe for target 'cmTC_8530f/fast' failed
make: *** [cmTC_8530f/fast] Error 2



